-------------------------------------------------------------------------------
Test set: lapr2.ClientServicesProvider.aplicationagpsd.Utils.ValidationsTest
-------------------------------------------------------------------------------
Tests run: 41, Failures: 1, Errors: 0, Skipped: 0, Time elapsed: 0.015 s <<< FAILURE! - in lapr2.ClientServicesProvider.aplicationagpsd.Utils.ValidationsTest
testIsStartDateValid4  Time elapsed: 0.015 s  <<< FAILURE!
java.lang.AssertionError: expected:<true> but was:<false>
	at lapr2.ClientServicesProvider.aplicationagpsd.Utils.ValidationsTest.testIsStartDateValid4(ValidationsTest.java:357)

